<?xml version="1.0" encoding="UTF-8" ?>
<testsuite failures="0" time="1.638" errors="0" skipped="0" tests="9" name="jline.console.EditLineTest">
  <properties>
[...]
</properties>
  <testcase time="0.035" classname="jline.console.EditLineTest" name="testDeletePreviousWord"/>
  <testcase time="0.021" classname="jline.console.EditLineTest" name="testMoveToEnd"/>
  <testcase time="0.083" classname="jline.console.EditLineTest" name="testPreviousWord"/>
  <testcase time="0.007" classname="jline.console.EditLineTest" name="testLineStart"/>
  <testcase time="0.437" classname="jline.console.EditLineTest" name="testClearLine"/>
  <testcase time="0.215" classname="jline.console.EditLineTest" name="testRight"/>
  <testcase time="0.524" classname="jline.console.EditLineTest" name="testLeft"/>
  <testcase time="0.307" classname="jline.console.EditLineTest" name="testBackspace"/>
  <testcase time="0.003" classname="jline.console.EditLineTest" name="testBuffer"/>
</testsuite>